Build started 05/11/2015 19:10:52.
     1>Project "C:\Users\remon\Desktop\git\graphics\graphics\graphics.vcxproj" on node 2 (Build target(s)).
     1>Link:
         C:\Program Files (x86)\Microsoft Visual Studio 12.0\VC\bin\link.exe /ERRORREPORT:PROMPT /OUT:"C:\Users\remon\Desktop\git\graphics\Debug\graphics.exe" /INCREMENTAL /NOLOGO kernel32.lib user32.lib gdi32.lib winspool.lib comdlg32.lib advapi32.lib shell32.lib ole32.lib oleaut32.lib uuid.lib odbc32.lib odbccp32.lib /MANIFEST /MANIFESTUAC:"level='asInvoker' uiAccess='false'" /manifest:embed /DEBUG /PDB:"C:\Users\remon\Desktop\git\graphics\Debug\graphics.pdb" /SUBSYSTEM:CONSOLE /TLBID:1 /DYNAMICBASE /NXCOMPAT /IMPLIB:"C:\Users\remon\Desktop\git\graphics\Debug\graphics.lib" /MACHINE:X86 Debug\ClockPart.obj
         Debug\cube.obj
         Debug\Disc.obj
         Debug\Light.obj
         Debug\main.obj
         Debug\plane.obj
         Debug\Sphere.obj
         Debug\wrapper_glfw.obj
     1>glfw3.lib(context.obj) : warning LNK4099: PDB 'vc120.pdb' was not found with 'glfw3.lib(context.obj)' or at 'C:\Users\remon\Desktop\git\graphics\Debug\vc120.pdb'; linking object as if no debug info
     1>glfw3.lib(gamma.obj) : warning LNK4099: PDB 'vc120.pdb' was not found with 'glfw3.lib(gamma.obj)' or at 'C:\Users\remon\Desktop\git\graphics\Debug\vc120.pdb'; linking object as if no debug info
     1>glfw3.lib(init.obj) : warning LNK4099: PDB 'vc120.pdb' was not found with 'glfw3.lib(init.obj)' or at 'C:\Users\remon\Desktop\git\graphics\Debug\vc120.pdb'; linking object as if no debug info
     1>glfw3.lib(input.obj) : warning LNK4099: PDB 'vc120.pdb' was not found with 'glfw3.lib(input.obj)' or at 'C:\Users\remon\Desktop\git\graphics\Debug\vc120.pdb'; linking object as if no debug info
     1>glfw3.lib(monitor.obj) : warning LNK4099: PDB 'vc120.pdb' was not found with 'glfw3.lib(monitor.obj)' or at 'C:\Users\remon\Desktop\git\graphics\Debug\vc120.pdb'; linking object as if no debug info
     1>glfw3.lib(window.obj) : warning LNK4099: PDB 'vc120.pdb' was not found with 'glfw3.lib(window.obj)' or at 'C:\Users\remon\Desktop\git\graphics\Debug\vc120.pdb'; linking object as if no debug info
     1>glfw3.lib(win32_gamma.obj) : warning LNK4099: PDB 'vc120.pdb' was not found with 'glfw3.lib(win32_gamma.obj)' or at 'C:\Users\remon\Desktop\git\graphics\Debug\vc120.pdb'; linking object as if no debug info
     1>glfw3.lib(win32_init.obj) : warning LNK4099: PDB 'vc120.pdb' was not found with 'glfw3.lib(win32_init.obj)' or at 'C:\Users\remon\Desktop\git\graphics\Debug\vc120.pdb'; linking object as if no debug info
     1>glfw3.lib(win32_joystick.obj) : warning LNK4099: PDB 'vc120.pdb' was not found with 'glfw3.lib(win32_joystick.obj)' or at 'C:\Users\remon\Desktop\git\graphics\Debug\vc120.pdb'; linking object as if no debug info
     1>glfw3.lib(win32_monitor.obj) : warning LNK4099: PDB 'vc120.pdb' was not found with 'glfw3.lib(win32_monitor.obj)' or at 'C:\Users\remon\Desktop\git\graphics\Debug\vc120.pdb'; linking object as if no debug info
     1>glfw3.lib(win32_time.obj) : warning LNK4099: PDB 'vc120.pdb' was not found with 'glfw3.lib(win32_time.obj)' or at 'C:\Users\remon\Desktop\git\graphics\Debug\vc120.pdb'; linking object as if no debug info
     1>glfw3.lib(win32_window.obj) : warning LNK4099: PDB 'vc120.pdb' was not found with 'glfw3.lib(win32_window.obj)' or at 'C:\Users\remon\Desktop\git\graphics\Debug\vc120.pdb'; linking object as if no debug info
     1>glfw3.lib(wgl_context.obj) : warning LNK4099: PDB 'vc120.pdb' was not found with 'glfw3.lib(wgl_context.obj)' or at 'C:\Users\remon\Desktop\git\graphics\Debug\vc120.pdb'; linking object as if no debug info
     1>glloadD.lib(gl_load.obj) : warning LNK4099: PDB 'vc120.pdb' was not found with 'glloadD.lib(gl_load.obj)' or at 'C:\Users\remon\Desktop\git\graphics\Debug\vc120.pdb'; linking object as if no debug info
     1>glloadD.lib(gl_load_cpp.obj) : warning LNK4099: PDB 'vc120.pdb' was not found with 'glloadD.lib(gl_load_cpp.obj)' or at 'C:\Users\remon\Desktop\git\graphics\Debug\vc120.pdb'; linking object as if no debug info
         graphics.vcxproj -> C:\Users\remon\Desktop\git\graphics\Debug\graphics.exe
     1>Done Building Project "C:\Users\remon\Desktop\git\graphics\graphics\graphics.vcxproj" (Build target(s)).

Build succeeded.

Time Elapsed 00:00:01.08
